生成启动时间为 2017/9/27 15:08:08。
     1>项目“D:\Visual Studio Project\文件压缩\文件压缩1\文件压缩1.vcxproj”在节点 2 上(Build 个目标)。
     1>ClCompile:
         D:\Microsoft Visual Studio 2013\VC\bin\CL.exe /c /ZI /nologo /W3 /WX- /Od /Oy- /D WIN32 /D _DEBUG /D _CONSOLE /D _LIB /D _UNICODE /D UNICODE /Gm /EHsc /RTC1 /MDd /GS /fp:precise /Zc:wchar_t /Zc:forScope /Fo"Debug\\" /Fd"Debug\vc120.pdb" /Gd /TP /analyze- /errorReport:prompt test.cpp
         test.cpp
     1>d:\visual studio project\文件压缩\文件压缩1\filecompress.h(170): warning C4996: 'fopen': This function or variable may be unsafe. Consider using fopen_s instead. To disable deprecation, use _CRT_SECURE_NO_WARNINGS. See online help for details.
                 d:\microsoft visual studio 2013\vc\include\stdio.h(211) : 参见“fopen”的声明
                 d:\visual studio project\文件压缩\文件压缩1\filecompress.h(165): 编译类 模板 成员函数“bool FileCompress<CharInfo>::Compress(const char *)”时
                 d:\visual studio project\文件压缩\文件压缩1\test.cpp(10): 参见对正在编译的函数 模板 实例化“bool FileCompress<CharInfo>::Compress(const char *)”的引用
                 d:\visual studio project\文件压缩\文件压缩1\test.cpp(8): 参见对正在编译的类 模板 实例化“FileCompress<CharInfo>”的引用
     1>d:\visual studio project\文件压缩\文件压缩1\filecompress.h(195): warning C4996: 'fopen': This function or variable may be unsafe. Consider using fopen_s instead. To disable deprecation, use _CRT_SECURE_NO_WARNINGS. See online help for details.
                 d:\microsoft visual studio 2013\vc\include\stdio.h(211) : 参见“fopen”的声明
     1>d:\visual studio project\文件压缩\文件压缩1\filecompress.h(238): warning C4996: 'fopen': This function or variable may be unsafe. Consider using fopen_s instead. To disable deprecation, use _CRT_SECURE_NO_WARNINGS. See online help for details.
                 d:\microsoft visual studio 2013\vc\include\stdio.h(211) : 参见“fopen”的声明
     1>d:\visual studio project\文件压缩\文件压缩1\filecompress.h(243): warning C4996: 'itoa': The POSIX name for this item is deprecated. Instead, use the ISO C++ conformant name: _itoa. See online help for details.
                 d:\microsoft visual studio 2013\vc\include\stdlib.h(937) : 参见“itoa”的声明
     1>d:\visual studio project\文件压缩\文件压缩1\filecompress.h(247): warning C4996: 'itoa': The POSIX name for this item is deprecated. Instead, use the ISO C++ conformant name: _itoa. See online help for details.
                 d:\microsoft visual studio 2013\vc\include\stdlib.h(937) : 参见“itoa”的声明
     1>d:\visual studio project\文件压缩\文件压缩1\filecompress.h(258): warning C4996: 'itoa': The POSIX name for this item is deprecated. Instead, use the ISO C++ conformant name: _itoa. See online help for details.
                 d:\microsoft visual studio 2013\vc\include\stdlib.h(937) : 参见“itoa”的声明
     1>d:\visual studio project\文件压缩\文件压缩1\filecompress.h(307): warning C4996: 'fopen': This function or variable may be unsafe. Consider using fopen_s instead. To disable deprecation, use _CRT_SECURE_NO_WARNINGS. See online help for details.
                 d:\microsoft visual studio 2013\vc\include\stdio.h(211) : 参见“fopen”的声明
                 d:\visual studio project\文件压缩\文件压缩1\filecompress.h(302): 编译类 模板 成员函数“bool FileCompress<CharInfo>::UnCompress(const char *)”时
                 d:\visual studio project\文件压缩\文件压缩1\test.cpp(16): 参见对正在编译的函数 模板 实例化“bool FileCompress<CharInfo>::UnCompress(const char *)”的引用
     1>d:\visual studio project\文件压缩\文件压缩1\filecompress.h(345): warning C4996: 'fopen': This function or variable may be unsafe. Consider using fopen_s instead. To disable deprecation, use _CRT_SECURE_NO_WARNINGS. See online help for details.
                 d:\microsoft visual studio 2013\vc\include\stdio.h(211) : 参见“fopen”的声明
     1>d:\visual studio project\文件压缩\文件压缩1\filecompress.h(349): warning C4996: 'fopen': This function or variable may be unsafe. Consider using fopen_s instead. To disable deprecation, use _CRT_SECURE_NO_WARNINGS. See online help for details.
                 d:\microsoft visual studio 2013\vc\include\stdio.h(211) : 参见“fopen”的声明
       Link:
         D:\Microsoft Visual Studio 2013\VC\bin\link.exe /ERRORREPORT:PROMPT /OUT:"D:\Visual Studio Project\文件压缩\Debug\文件压缩1.exe" /INCREMENTAL /NOLOGO kernel32.lib user32.lib gdi32.lib winspool.lib comdlg32.lib advapi32.lib shell32.lib ole32.lib oleaut32.lib uuid.lib odbc32.lib odbccp32.lib /MANIFEST /MANIFESTUAC:"level='asInvoker' uiAccess='false'" /manifest:embed /DEBUG /PDB:"D:\Visual Studio Project\文件压缩\Debug\文件压缩1.pdb" /SUBSYSTEM:CONSOLE /TLBID:1 /DYNAMICBASE /NXCOMPAT /IMPLIB:"D:\Visual Studio Project\文件压缩\Debug\文件压缩1.lib" /MACHINE:X86 Debug\test.obj
         文件压缩1.vcxproj -> D:\Visual Studio Project\文件压缩\Debug\文件压缩1.exe
     1>已完成生成项目“D:\Visual Studio Project\文件压缩\文件压缩1\文件压缩1.vcxproj”(Build 个目标)的操作。

生成成功。

已用时间 00:00:03.34
